<?xml version="1.0" encoding="UTF-8"?>
<testng-results skipped="0" failed="1" ignored="0" total="8" passed="7">
  <reporter-output>
  </reporter-output>
  <suite name="Suite" duration-ms="26894" started-at="2019-07-25T17:43:04Z" finished-at="2019-07-25T17:43:31Z">
    <groups>
    </groups>
    <test name="Test" duration-ms="26894" started-at="2019-07-25T17:43:04Z" finished-at="2019-07-25T17:43:31Z">
      <class name="test.Firsttest">
        <test-method status="PASS" signature="beforeTest()[pri:0, instance:test.Firsttest@17ed40e0]" name="beforeTest" is-config="true" duration-ms="4674" started-at="2019-07-25T17:43:04Z" finished-at="2019-07-25T17:43:09Z">
          <reporter-output>
          </reporter-output>
        </test-method> <!-- beforeTest -->
        <test-method status="PASS" signature="openApp()[pri:1, instance:test.Firsttest@17ed40e0]" name="openApp" duration-ms="2655" started-at="2019-07-25T17:43:09Z" finished-at="2019-07-25T17:43:12Z">
          <reporter-output>
          </reporter-output>
        </test-method> <!-- openApp -->
        <test-method status="PASS" signature="hoverEffect()[pri:2, instance:test.Firsttest@17ed40e0]" name="hoverEffect" duration-ms="1535" started-at="2019-07-25T17:43:12Z" finished-at="2019-07-25T17:43:13Z">
          <reporter-output>
          </reporter-output>
        </test-method> <!-- hoverEffect -->
        <test-method status="PASS" signature="signClick()[pri:3, instance:test.Firsttest@17ed40e0]" name="signClick" duration-ms="888" started-at="2019-07-25T17:43:13Z" finished-at="2019-07-25T17:43:14Z">
          <reporter-output>
          </reporter-output>
        </test-method> <!-- signClick -->
        <test-method status="PASS" signature="signInPage()[pri:4, instance:test.Firsttest@17ed40e0]" name="signInPage" duration-ms="678" started-at="2019-07-25T17:43:14Z" finished-at="2019-07-25T17:43:15Z">
          <reporter-output>
          </reporter-output>
        </test-method> <!-- signInPage -->
        <test-method status="PASS" signature="signIn()[pri:5, instance:test.Firsttest@17ed40e0]" name="signIn" duration-ms="1584" started-at="2019-07-25T17:43:15Z" finished-at="2019-07-25T17:43:17Z">
          <reporter-output>
          </reporter-output>
        </test-method> <!-- signIn -->
        <test-method status="PASS" signature="title()[pri:6, instance:test.Firsttest@17ed40e0]" name="title" duration-ms="772" started-at="2019-07-25T17:43:17Z" finished-at="2019-07-25T17:43:17Z">
          <reporter-output>
          </reporter-output>
        </test-method> <!-- title -->
        <test-method status="PASS" signature="selectGiftcard()[pri:7, instance:test.Firsttest@17ed40e0]" name="selectGiftcard" duration-ms="1926" started-at="2019-07-25T17:43:17Z" finished-at="2019-07-25T17:43:19Z">
          <reporter-output>
          </reporter-output>
        </test-method> <!-- selectGiftcard -->
        <test-method status="FAIL" signature="checkBoxlist()[pri:8, instance:test.Firsttest@17ed40e0]" name="checkBoxlist" duration-ms="10870" started-at="2019-07-25T17:43:19Z" finished-at="2019-07-25T17:43:30Z">
          <exception class="org.openqa.selenium.StaleElementReferenceException">
            <message>
              <![CDATA[The element reference of [object String] "04580dd8-7e57-4d46-aac0-1624fc30221e" is stale; either the element is no longer attached to the DOM, it is not in the current frame context, or the document has been refreshed
For documentation on this error, please visit: https://www.seleniumhq.org/exceptions/stale_element_reference.html
Build info: version: '3.141.59', revision: 'e82be7d358', time: '2018-11-14T08:25:53'
System info: host: 'DESKTOP-K6FJ16U', ip: '192.168.1.10', os.name: 'Windows 10', os.arch: 'amd64', os.version: '10.0', java.version: '1.8.0_211'
Driver info: org.openqa.selenium.firefox.FirefoxDriver
Capabilities {acceptInsecureCerts: true, browserName: firefox, browserVersion: 68.0.1, javascriptEnabled: true, moz:accessibilityChecks: false, moz:buildID: 20190717172542, moz:geckodriverVersion: 0.24.0, moz:headless: false, moz:processID: 23176, moz:profile: C:\Windows\Temp\rust_mozpro..., moz:shutdownTimeout: 60000, moz:useNonSpecCompliantPointerOrigin: false, moz:webdriverClick: true, pageLoadStrategy: normal, platform: WINDOWS, platformName: WINDOWS, platformVersion: 10.0, rotatable: false, setWindowRect: true, strictFileInteractability: false, timeouts: {implicit: 0, pageLoad: 300000, script: 30000}, unhandledPromptBehavior: dismiss and notify}
Session ID: 55c4d373-fa41-49a8-b8ed-be31e6103d11]]>
            </message>
            <full-stacktrace>
              <![CDATA[org.openqa.selenium.StaleElementReferenceException: The element reference of [object String] "04580dd8-7e57-4d46-aac0-1624fc30221e" is stale; either the element is no longer attached to the DOM, it is not in the current frame context, or the document has been refreshed
For documentation on this error, please visit: https://www.seleniumhq.org/exceptions/stale_element_reference.html
Build info: version: '3.141.59', revision: 'e82be7d358', time: '2018-11-14T08:25:53'
System info: host: 'DESKTOP-K6FJ16U', ip: '192.168.1.10', os.name: 'Windows 10', os.arch: 'amd64', os.version: '10.0', java.version: '1.8.0_211'
Driver info: org.openqa.selenium.firefox.FirefoxDriver
Capabilities {acceptInsecureCerts: true, browserName: firefox, browserVersion: 68.0.1, javascriptEnabled: true, moz:accessibilityChecks: false, moz:buildID: 20190717172542, moz:geckodriverVersion: 0.24.0, moz:headless: false, moz:processID: 23176, moz:profile: C:\Windows\Temp\rust_mozpro..., moz:shutdownTimeout: 60000, moz:useNonSpecCompliantPointerOrigin: false, moz:webdriverClick: true, pageLoadStrategy: normal, platform: WINDOWS, platformName: WINDOWS, platformVersion: 10.0, rotatable: false, setWindowRect: true, strictFileInteractability: false, timeouts: {implicit: 0, pageLoad: 300000, script: 30000}, unhandledPromptBehavior: dismiss and notify}
Session ID: 55c4d373-fa41-49a8-b8ed-be31e6103d11
at sun.reflect.NativeConstructorAccessorImpl.newInstance0(Native Method)
at sun.reflect.NativeConstructorAccessorImpl.newInstance(Unknown Source)
at sun.reflect.DelegatingConstructorAccessorImpl.newInstance(Unknown Source)
at java.lang.reflect.Constructor.newInstance(Unknown Source)
at org.openqa.selenium.remote.http.W3CHttpResponseCodec.createException(W3CHttpResponseCodec.java:187)
at org.openqa.selenium.remote.http.W3CHttpResponseCodec.decode(W3CHttpResponseCodec.java:122)
at org.openqa.selenium.remote.http.W3CHttpResponseCodec.decode(W3CHttpResponseCodec.java:49)
at org.openqa.selenium.remote.HttpCommandExecutor.execute(HttpCommandExecutor.java:158)
at org.openqa.selenium.remote.service.DriverCommandExecutor.execute(DriverCommandExecutor.java:83)
at org.openqa.selenium.remote.RemoteWebDriver.execute(RemoteWebDriver.java:552)
at org.openqa.selenium.remote.RemoteWebElement.execute(RemoteWebElement.java:285)
at org.openqa.selenium.remote.RemoteWebElement.getText(RemoteWebElement.java:166)
at test.Firsttest.checkBoxlist(Firsttest.java:89)
at sun.reflect.NativeMethodAccessorImpl.invoke0(Native Method)
at sun.reflect.NativeMethodAccessorImpl.invoke(Unknown Source)
at sun.reflect.DelegatingMethodAccessorImpl.invoke(Unknown Source)
at java.lang.reflect.Method.invoke(Unknown Source)
at org.testng.internal.MethodInvocationHelper.invokeMethod(MethodInvocationHelper.java:124)
at org.testng.internal.Invoker.invokeMethod(Invoker.java:580)
at org.testng.internal.Invoker.invokeTestMethod(Invoker.java:716)
at org.testng.internal.Invoker.invokeTestMethods(Invoker.java:988)
at org.testng.internal.TestMethodWorker.invokeTestMethods(TestMethodWorker.java:125)
at org.testng.internal.TestMethodWorker.run(TestMethodWorker.java:109)
at org.testng.TestRunner.privateRun(TestRunner.java:648)
at org.testng.TestRunner.run(TestRunner.java:505)
at org.testng.SuiteRunner.runTest(SuiteRunner.java:455)
at org.testng.SuiteRunner.runSequentially(SuiteRunner.java:450)
at org.testng.SuiteRunner.privateRun(SuiteRunner.java:415)
at org.testng.SuiteRunner.run(SuiteRunner.java:364)
at org.testng.SuiteRunnerWorker.runSuite(SuiteRunnerWorker.java:52)
at org.testng.SuiteRunnerWorker.run(SuiteRunnerWorker.java:84)
at org.testng.TestNG.runSuitesSequentially(TestNG.java:1208)
at org.testng.TestNG.runSuitesLocally(TestNG.java:1137)
at org.testng.TestNG.runSuites(TestNG.java:1049)
at org.testng.TestNG.run(TestNG.java:1017)
at org.testng.TestNG.privateMain(TestNG.java:1354)
at org.testng.TestNG.main(TestNG.java:1323)
]]>
            </full-stacktrace>
          </exception> <!-- org.openqa.selenium.StaleElementReferenceException -->
          <reporter-output>
          </reporter-output>
        </test-method> <!-- checkBoxlist -->
        <test-method status="PASS" signature="afterTest()[pri:0, instance:test.Firsttest@17ed40e0]" name="afterTest" is-config="true" duration-ms="1280" started-at="2019-07-25T17:43:30Z" finished-at="2019-07-25T17:43:31Z">
          <reporter-output>
          </reporter-output>
        </test-method> <!-- afterTest -->
      </class> <!-- test.Firsttest -->
    </test> <!-- Test -->
  </suite> <!-- Suite -->
</testng-results>
